<?xml version="1.0" encoding="UTF-8"?>
<testng-results skipped="0" failed="0" ignored="0" total="6" passed="6">
  <reporter-output>
  </reporter-output>
  <suite name="Suite" duration-ms="200" started-at="2020-05-21T10:54:13 WAT" finished-at="2020-05-21T10:54:13 WAT">
    <groups>
    </groups>
    <test name="Test" duration-ms="200" started-at="2020-05-21T10:54:13 WAT" finished-at="2020-05-21T10:54:13 WAT">
      <class name="ITestListener.TestListenerDemo2">
        <test-method status="PASS" signature="test1()[pri:0, instance:ITestListener.TestListenerDemo2@1a1d6a08]" name="test1" duration-ms="2" started-at="2020-05-21T10:54:13 WAT" finished-at="2020-05-21T10:54:13 WAT">
          <reporter-output>
          </reporter-output>
        </test-method> <!-- test1 -->
        <test-method status="PASS" signature="test2()[pri:0, instance:ITestListener.TestListenerDemo2@1a1d6a08]" name="test2" duration-ms="4" started-at="2020-05-21T10:54:13 WAT" finished-at="2020-05-21T10:54:13 WAT">
          <reporter-output>
          </reporter-output>
        </test-method> <!-- test2 -->
        <test-method status="PASS" signature="test3()[pri:0, instance:ITestListener.TestListenerDemo2@1a1d6a08]" name="test3" duration-ms="4" started-at="2020-05-21T10:54:13 WAT" finished-at="2020-05-21T10:54:13 WAT">
          <reporter-output>
          </reporter-output>
        </test-method> <!-- test3 -->
      </class> <!-- ITestListener.TestListenerDemo2 -->
      <class name="ITestListener.TestListenerDemo">
        <test-method status="PASS" signature="test1()[pri:0, instance:ITestListener.TestListenerDemo@fad74ee]" name="test1" duration-ms="20" started-at="2020-05-21T10:54:13 WAT" finished-at="2020-05-21T10:54:13 WAT">
          <reporter-output>
          </reporter-output>
        </test-method> <!-- test1 -->
        <test-method status="PASS" signature="test2()[pri:0, instance:ITestListener.TestListenerDemo@fad74ee]" name="test2" duration-ms="3" started-at="2020-05-21T10:54:13 WAT" finished-at="2020-05-21T10:54:13 WAT">
          <reporter-output>
          </reporter-output>
        </test-method> <!-- test2 -->
        <test-method status="PASS" signature="test3()[pri:0, instance:ITestListener.TestListenerDemo@fad74ee]" name="test3" duration-ms="9" started-at="2020-05-21T10:54:13 WAT" finished-at="2020-05-21T10:54:13 WAT">
          <reporter-output>
          </reporter-output>
        </test-method> <!-- test3 -->
      </class> <!-- ITestListener.TestListenerDemo -->
    </test> <!-- Test -->
  </suite> <!-- Suite -->
</testng-results>
