<?xml version="1.0" encoding="UTF-8"?>
<!-- Generated by org.testng.reporters.JUnitXMLReporter -->
<testsuite hostname="NTPC02228" ignored="0" name="Default test" tests="3" failures="0" timestamp="2020-05-21T10:30:33 WAT" time="0.096" errors="0">
  <testcase name="test1" time="0.01" classname="ITestListener.TestListenerDemo"/>
  <testcase name="test2" time="0.004" classname="ITestListener.TestListenerDemo"/>
  <testcase name="test3" time="0.004" classname="ITestListener.TestListenerDemo"/>
</testsuite> <!-- Default test -->
