<?xml version="1.0" encoding="UTF-8"?>
<!-- Generated by org.testng.reporters.JUnitXMLReporter -->
<testsuite hostname="NTPC02228" ignored="0" name="Test" tests="6" failures="0" timestamp="2020-05-21T10:54:13 WAT" time="0.2" errors="0">
  <testcase name="test1" time="0.02" classname="ITestListener.TestListenerDemo"/>
  <testcase name="test2" time="0.003" classname="ITestListener.TestListenerDemo"/>
  <testcase name="test3" time="0.009" classname="ITestListener.TestListenerDemo"/>
  <testcase name="test1" time="0.002" classname="ITestListener.TestListenerDemo2"/>
  <testcase name="test2" time="0.004" classname="ITestListener.TestListenerDemo2"/>
  <testcase name="test3" time="0.004" classname="ITestListener.TestListenerDemo2"/>
</testsuite> <!-- Test -->
